<?xml version="1.0" encoding="utf-8"?><testsuites name="pytest tests"><testsuite name="pytest" errors="0" failures="0" skipped="0" tests="5" time="1.449" timestamp="2026-07-01T10:52:29.665039+00:00" hostname="agent-env-ed39d8d4-ac65-4c9c-a1b8-d407d8ea96b2"><testcase classname="tests.test_leads_notify.TestLeadsNotify" name="test_valid_submission_returns_success" time="0.307" /><testcase classname="tests.test_leads_notify.TestLeadsNotify" name="test_missing_email_returns_422" time="0.171" /><testcase classname="tests.test_leads_notify.TestLeadsNotify" name="test_missing_name_returns_422" time="0.105" /><testcase classname="tests.test_leads_notify.TestLeadsNotify" name="test_empty_payload_returns_422" time="0.095" /><testcase classname="tests.test_leads_notify.TestLeadsNotify" name="test_invalid_email_format_currently_returns_500" time="0.239" /></testsuite></testsuites>